# JRE version: Java(TM) SE Runtime Environment (8.0_102-b14) (build 1.8.0_102-b14)
# Java VM: Java HotSpot(TM) 64-Bit Server VM (25.102-b14 mixed mode windows-amd64 compressed oops)
Heap:
 PSYoungGen      total 232960K, used 146124K [0x00000000eab00000, 0x0000000100000000, 0x0000000100000000)
  eden space 116736K, 57% used [0x00000000eab00000,0x00000000eec89d88,0x00000000f1d00000)
  from space 116224K, 67% used [0x00000000f1d00000,0x00000000f6a29510,0x00000000f8e80000)
  to   space 116224K, 0% used [0x00000000f8e80000,0x00000000f8e80000,0x0000000100000000)
 ParOldGen       total 376832K, used 185960K [0x00000000c0000000, 0x00000000d7000000, 0x00000000eab00000)
  object space 376832K, 49% used [0x00000000c0000000,0x00000000cb59a360,0x00000000d7000000)
 Metaspace       used 6421K, capacity 7160K, committed 7296K, reserved 1056768K
  class space    used 606K, capacity 624K, committed 640K, reserved 1048576K
GC Heap History (10 events):
Event: 32.614 GC heap before
{Heap before GC invocations=12 (full 2):
 PSYoungGen      total 214528K, used 214134K [0x00000000eab00000, 0x0000000100000000, 0x0000000100000000)
  eden space 120832K, 100% used [0x00000000eab00000,0x00000000f2100000,0x00000000f2100000)
  from space 93696K, 99% used [0x00000000f2100000,0x00000000f7c1dbd0,0x00000000f7c80000)
  to   space 116224K, 0% used [0x00000000f8e80000,0x00000000f8e80000,0x0000000100000000)
 ParOldGen       total 299008K, used 141155K [0x00000000c0000000, 0x00000000d2400000, 0x00000000eab00000)
  object space 299008K, 47% used [0x00000000c0000000,0x00000000c89d8fc8,0x00000000d2400000)
 Metaspace       used 6416K, capacity 7160K, committed 7296K, reserved 1056768K
  class space    used 606K, capacity 624K, committed 640K, reserved 1048576K
Event: 33.628 GC heap after
Heap after GC invocations=12 (full 2):
 PSYoungGen      total 232960K, used 116223K [0x00000000eab00000, 0x0000000100000000, 0x0000000100000000)
  eden space 116736K, 0% used [0x00000000eab00000,0x00000000eab00000,0x00000000f1d00000)
  from space 116224K, 99% used [0x00000000f8e80000,0x00000000fffffee8,0x0000000100000000)
  to   space 116224K, 0% used [0x00000000f1d00000,0x00000000f1d00000,0x00000000f8e80000)
 ParOldGen       total 299008K, used 180158K [0x00000000c0000000, 0x00000000d2400000, 0x00000000eab00000)
  object space 299008K, 60% used [0x00000000c0000000,0x00000000cafef8e8,0x00000000d2400000)
 Metaspace       used 6416K, capacity 7160K, committed 7296K, reserved 1056768K
  class space    used 606K, capacity 624K, committed 640K, reserved 1048576K
}
Event: 34.495 GC heap before
{Heap before GC invocations=13 (full 2):
 PSYoungGen      total 232960K, used 232959K [0x00000000eab00000, 0x0000000100000000, 0x0000000100000000)
  eden space 116736K, 100% used [0x00000000eab00000,0x00000000f1d00000,0x00000000f1d00000)
  from space 116224K, 99% used [0x00000000f8e80000,0x00000000fffffee8,0x0000000100000000)
  to   space 116224K, 0% used [0x00000000f1d00000,0x00000000f1d00000,0x00000000f8e80000)
 ParOldGen       total 299008K, used 180158K [0x00000000c0000000, 0x00000000d2400000, 0x00000000eab00000)
  object space 299008K, 60% used [0x00000000c0000000,0x00000000cafef8e8,0x00000000d2400000)
 Metaspace       used 6416K, capacity 7160K, committed 7296K, reserved 1056768K
  class space    used 606K, capacity 624K, committed 640K, reserved 1048576K
Event: 35.335 GC heap after
Heap after GC invocations=13 (full 2):
 PSYoungGen      total 232960K, used 116221K [0x00000000eab00000, 0x0000000100000000, 0x0000000100000000)
  eden space 116736K, 0% used [0x00000000eab00000,0x00000000eab00000,0x00000000f1d00000)
  from space 116224K, 99% used [0x00000000f1d00000,0x00000000f8e7f410,0x00000000f8e80000)
  to   space 116224K, 0% used [0x00000000f8e80000,0x00000000f8e80000,0x0000000100000000)
 ParOldGen       total 299008K, used 238444K [0x00000000c0000000, 0x00000000d2400000, 0x00000000eab00000)
  object space 299008K, 79% used [0x00000000c0000000,0x00000000ce8db0a8,0x00000000d2400000)
 Metaspace       used 6416K, capacity 7160K, committed 7296K, reserved 1056768K
  class space    used 606K, capacity 624K, committed 640K, reserved 1048576K
}
Event: 35.335 GC heap before
{Heap before GC invocations=14 (full 3):
 PSYoungGen      total 232960K, used 116221K [0x00000000eab00000, 0x0000000100000000, 0x0000000100000000)
  eden space 116736K, 0% used [0x00000000eab00000,0x00000000eab00000,0x00000000f1d00000)
  from space 116224K, 99% used [0x00000000f1d00000,0x00000000f8e7f410,0x00000000f8e80000)
  to   space 116224K, 0% used [0x00000000f8e80000,0x00000000f8e80000,0x0000000100000000)
 ParOldGen       total 299008K, used 238444K [0x00000000c0000000, 0x00000000d2400000, 0x00000000eab00000)
  object space 299008K, 79% used [0x00000000c0000000,0x00000000ce8db0a8,0x00000000d2400000)
 Metaspace       used 6416K, capacity 7160K, committed 7296K, reserved 1056768K
  class space    used 606K, capacity 624K, committed 640K, reserved 1048576K
Event: 38.747 GC heap after
Heap after GC invocations=14 (full 3):
 PSYoungGen      total 232960K, used 0K [0x00000000eab00000, 0x0000000100000000, 0x0000000100000000)
  eden space 116736K, 0% used [0x00000000eab00000,0x00000000eab00000,0x00000000f1d00000)
  from space 116224K, 0% used [0x00000000f1d00000,0x00000000f1d00000,0x00000000f8e80000)
  to   space 116224K, 0% used [0x00000000f8e80000,0x00000000f8e80000,0x0000000100000000)
 ParOldGen       total 376832K, used 185960K [0x00000000c0000000, 0x00000000d7000000, 0x00000000eab00000)
  object space 376832K, 49% used [0x00000000c0000000,0x00000000cb59a360,0x00000000d7000000)
 Metaspace       used 6416K, capacity 7160K, committed 7296K, reserved 1056768K
  class space    used 606K, capacity 624K, committed 640K, reserved 1048576K
}
Event: 39.478 GC heap before
{Heap before GC invocations=15 (full 3):
 PSYoungGen      total 232960K, used 116736K [0x00000000eab00000, 0x0000000100000000, 0x0000000100000000)
  eden space 116736K, 100% used [0x00000000eab00000,0x00000000f1d00000,0x00000000f1d00000)
  from space 116224K, 0% used [0x00000000f1d00000,0x00000000f1d00000,0x00000000f8e80000)
  to   space 116224K, 0% used [0x00000000f8e80000,0x00000000f8e80000,0x0000000100000000)
 ParOldGen       total 376832K, used 185960K [0x00000000c0000000, 0x00000000d7000000, 0x00000000eab00000)
  object space 376832K, 49% used [0x00000000c0000000,0x00000000cb59a360,0x00000000d7000000)
 Metaspace       used 6416K, capacity 7160K, committed 7296K, reserved 1056768K
  class space    used 606K, capacity 624K, committed 640K, reserved 1048576K
Event: 40.069 GC heap after
Heap after GC invocations=15 (full 3):
 PSYoungGen      total 232960K, used 56448K [0x00000000eab00000, 0x0000000100000000, 0x0000000100000000)
  eden space 116736K, 0% used [0x00000000eab00000,0x00000000eab00000,0x00000000f1d00000)
  from space 116224K, 48% used [0x00000000f8e80000,0x00000000fc5a01f8,0x0000000100000000)
  to   space 116224K, 0% used [0x00000000f1d00000,0x00000000f1d00000,0x00000000f8e80000)
 ParOldGen       total 376832K, used 185960K [0x00000000c0000000, 0x00000000d7000000, 0x00000000eab00000)
  object space 376832K, 49% used [0x00000000c0000000,0x00000000cb59a360,0x00000000d7000000)
 Metaspace       used 6416K, capacity 7160K, committed 7296K, reserved 1056768K
  class space    used 606K, capacity 624K, committed 640K, reserved 1048576K
}
Event: 41.501 GC heap before
{Heap before GC invocations=16 (full 3):
 PSYoungGen      total 232960K, used 173184K [0x00000000eab00000, 0x0000000100000000, 0x0000000100000000)
  eden space 116736K, 100% used [0x00000000eab00000,0x00000000f1d00000,0x00000000f1d00000)
  from space 116224K, 48% used [0x00000000f8e80000,0x00000000fc5a01f8,0x0000000100000000)
  to   space 116224K, 0% used [0x00000000f1d00000,0x00000000f1d00000,0x00000000f8e80000)
 ParOldGen       total 376832K, used 185960K [0x00000000c0000000, 0x00000000d7000000, 0x00000000eab00000)
  object space 376832K, 49% used [0x00000000c0000000,0x00000000cb59a360,0x00000000d7000000)
 Metaspace       used 6416K, capacity 7160K, committed 7296K, reserved 1056768K
  class space    used 606K, capacity 624K, committed 640K, reserved 1048576K
Event: 42.131 GC heap after
Heap after GC invocations=16 (full 3):
 PSYoungGen      total 232960K, used 79013K [0x00000000eab00000, 0x0000000100000000, 0x0000000100000000)
  eden space 116736K, 0% used [0x00000000eab00000,0x00000000eab00000,0x00000000f1d00000)
  from space 116224K, 67% used [0x00000000f1d00000,0x00000000f6a29510,0x00000000f8e80000)
  to   space 116224K, 0% used [0x00000000f8e80000,0x00000000f8e80000,0x0000000100000000)
 ParOldGen       total 376832K, used 185960K [0x00000000c0000000, 0x00000000d7000000, 0x00000000eab00000)
  object space 376832K, 49% used [0x00000000c0000000,0x00000000cb59a360,0x00000000d7000000)
 Metaspace       used 6416K, capacity 7160K, committed 7296K, reserved 1056768K
  class space    used 606K, capacity 624K, committed 640K, reserved 1048576K
}

